#
# There is insufficient memory for the Java Runtime Environment to continue.
# Native memory allocation (malloc) failed to allocate 1048576 bytes. Error detail: AllocateHeap
# Possible reasons:
#   The system is out of physical RAM or swap space
#   This process is running with CompressedOops enabled, and the Java Heap may be blocking the growth of the native heap
# Possible solutions:
#   Reduce memory load on the system
#   Increase physical memory or swap space
#   Check if swap backing store is full
#   Decrease Java heap size (-Xmx/-Xms)
#   Decrease number of Java threads
#   Decrease Java thread stack sizes (-Xss)
#   Set larger code cache with -XX:ReservedCodeCacheSize=
#   JVM is running with Unscaled Compressed Oops mode in which the Java heap is
#     placed in the first 4GB address space. The Java Heap base address is the
#     maximum limit for the native heap growth. Please use -XX:HeapBaseMinAddress
#     to set the Java Heap base and to place the Java Heap above 4GB virtual address.
# This output file may be truncated or incomplete.
#
#  Out of Memory Error (allocation.cpp:44), pid=17932, tid=17964
#
# JRE version:  (21.0.7+6) (build )
# Java VM: OpenJDK 64-Bit Server VM (21.0.7+6-LTS, mixed mode, sharing, tiered, compressed oops, compressed class ptrs, parallel gc, windows-amd64)
# No core dump will be written. Minidumps are not enabled by default on client versions of Windows
#

---------------  S U M M A R Y ------------

Command Line: --add-modules=ALL-SYSTEM --add-opens=java.base/java.util=ALL-UNNAMED --add-opens=java.base/java.lang=ALL-UNNAMED --add-opens=java.base/sun.nio.fs=ALL-UNNAMED -Declipse.application=org.eclipse.jdt.ls.core.id1 -Dosgi.bundles.defaultStartLevel=4 -Declipse.product=org.eclipse.jdt.ls.core.product -Djava.import.generatesMetadataFilesAtProjectRoot=false -DDetectVMInstallationsJob.disabled=true -Dfile.encoding=utf8 -XX:+UseParallelGC -XX:GCTimeRatio=4 -XX:AdaptiveSizePolicyWeight=90 -Dsun.zip.disableMemoryMapping=true -Xmx1G -Xms100m -Xlog:disable -javaagent:c:\Users\kalle\.vscode\extensions\redhat.java-1.42.0-win32-x64\lombok\lombok-1.18.36.jar -XX:+HeapDumpOnOutOfMemoryError -XX:HeapDumpPath=c:\Users\kalle\AppData\Roaming\Code\User\workspaceStorage\dfdc665dd5fdc4ecb57af54fa34dd261\redhat.java -Daether.dependencyCollector.impl=bf c:\Users\kalle\.vscode\extensions\redhat.java-1.42.0-win32-x64\server\plugins\org.eclipse.equinox.launcher_1.7.0.v20250424-1814.jar -configuration c:\Users\kalle\AppData\Roaming\Code\User\globalStorage\redhat.java\1.42.0\config_win -data c:\Users\kalle\AppData\Roaming\Code\User\workspaceStorage\dfdc665dd5fdc4ecb57af54fa34dd261\redhat.java\jdt_ws --pipe=\\.\pipe\lsp-47531eb4263f243289892749b4cfa7b6-sock

Host: Intel(R) Core(TM) i5-9400F CPU @ 2.90GHz, 6 cores, 15G,  Windows 10 , 64 bit Build 19041 (10.0.19041.5794)
Time: Wed May 21 21:47:40 2025 Hora oficial do Brasil elapsed time: 0.029336 seconds (0d 0h 0m 0s)

---------------  T H R E A D  ---------------

Current thread (0x0000021c734b62e0):  JavaThread "Unknown thread" [_thread_in_vm, id=17964, stack(0x0000002ca3d00000,0x0000002ca3e00000) (1024K)]

Stack: [0x0000002ca3d00000,0x0000002ca3e00000]
Native frames: (J=compiled Java code, j=interpreted, Vv=VM code, C=native code)
V  [jvm.dll+0x6ce119]
V  [jvm.dll+0x8a84a1]
V  [jvm.dll+0x8aa9ce]
V  [jvm.dll+0x8ab0b3]
V  [jvm.dll+0x27f8a6]
V  [jvm.dll+0xbfba7]
V  [jvm.dll+0x702092]
V  [jvm.dll+0x702dcc]
V  [jvm.dll+0x6dcc63]
V  [jvm.dll+0x871dbc]
V  [jvm.dll+0x3bc47c]
V  [jvm.dll+0x85a848]
V  [jvm.dll+0x45080e]
V  [jvm.dll+0x452451]
C  [jli.dll+0x5278]
C  [ucrtbase.dll+0x21bb2]
C  [KERNEL32.DLL+0x17374]
C  [ntdll.dll+0x4cc91]


---------------  P R O C E S S  ---------------

Threads class SMR info:
_java_thread_list=0x0000021c7580f2f0, length=1, elements={
0x0000021c734b62e0
}

Java Threads: ( => current thread )
=>0x0000021c734b62e0 JavaThread "Unknown thread"             [_thread_in_vm, id=17964, stack(0x0000002ca3d00000,0x0000002ca3e00000) (1024K)]
Total: 1

Other Threads:
  0x0000021c7aa7bc60 WatcherThread "VM Periodic Task Thread"        [id=17972, stack(0x0000002ca3f00000,0x0000002ca4000000) (1024K)]
  0x0000021c757c0da0 WorkerThread "GC Thread#0"                     [id=17956, stack(0x0000002ca3e00000,0x0000002ca3f00000) (1024K)]
Total: 2

Threads with active compile tasks:
Total: 0

VM state: not at safepoint (normal execution)

VM Mutex/Monitor currently owned by a thread: None

Heap address: 0x00000000c0000000, size: 1024 MB, Compressed Oops mode: 32-bit

CDS archive(s) mapped at: [0x0000021c0f000000-0x0000021c0fba0000-0x0000021c0fba0000), size 12189696, SharedBaseAddress: 0x0000021c0f000000, ArchiveRelocationMode: 1.
Compressed class space mapped at: 0x0000021c10000000-0x0000021c50000000, reserved size: 1073741824
Narrow klass base: 0x0000021c0f000000, Narrow klass shift: 0, Narrow klass range: 0x100000000

GC Precious Log:
 CardTable entry size: 512
 CPUs: 6 total, 6 available
 Memory: 16321M
 Large Page Support: Disabled
 NUMA Support: Disabled
 Compressed Oops: Enabled (32-bit)
 Alignments: Space 512K, Generation 512K, Heap 2M
 Heap Min Capacity: 100M
 Heap Initial Capacity: 100M
 Heap Max Capacity: 1G
 Pre-touch: Disabled
 Parallel Workers: 6

Heap:
 PSYoungGen      total 29696K, used 512K [0x00000000eab00000, 0x00000000ecc00000, 0x0000000100000000)
  eden space 25600K, 2% used [0x00000000eab00000,0x00000000eab80020,0x00000000ec400000)
  from space 4096K, 0% used [0x00000000ec800000,0x00000000ec800000,0x00000000ecc00000)
  to   space 4096K, 0% used [0x00000000ec400000,0x00000000ec400000,0x00000000ec800000)
 ParOldGen       total 68608K, used 0K [0x00000000c0000000, 0x00000000c4300000, 0x00000000eab00000)
  object space 68608K, 0% used [0x00000000c0000000,0x00000000c0000000,0x00000000c4300000)
 Metaspace       used 0K, committed 0K, reserved 1048576K
  class space    used 0K, committed 0K, reserved 1048576K

Card table byte_map: [0x0000021c75180000,0x0000021c75390000] _byte_map_base: 0x0000021c74b80000

Marking Bits: (ParMarkBitMap*) 0x00007ffd361e31f0
 Begin Bits: [0x0000021c789a0000, 0x0000021c799a0000)
 End Bits:   [0x0000021c799a0000, 0x0000021c7a9a0000)

Polling page: 0x0000021c74f70000

Metaspace:

Usage:
  Non-class:      0 bytes used.
      Class:      0 bytes used.
       Both:      0 bytes used.

Virtual space:
  Non-class space:        0 bytes reserved,       0 bytes (  ?%) committed,  0 nodes.
      Class space:        1.00 GB reserved,       0 bytes (  0%) committed,  1 nodes.
             Both:        1.00 GB reserved,       0 bytes (  0%) committed. 

Chunk freelists:
   Non-Class:  0 bytes
       Class:  16.00 MB
        Both:  16.00 MB

MaxMetaspaceSize: unlimited
CompressedClassSpaceSize: 1.00 GB
Initial GC threshold: 21.00 MB
Current GC threshold: 17179869184.00 GB
CDS: on
 - commit_granule_bytes: 65536.
 - commit_granule_words: 8192.
 - virtual_space_node_default_size: 8388608.
 - enlarge_chunks_in_place: 1.
 - use_allocation_guard: 0.


Internal statistics:

num_allocs_failed_limit: 0.
num_arena_births: 0.
num_arena_deaths: 0.
num_vsnodes_births: 1.
num_vsnodes_deaths: 0.
num_space_committed: 0.
num_space_uncommitted: 0.
num_chunks_returned_to_freelist: 0.
num_chunks_taken_from_freelist: 1.
num_chunk_merges: 0.
num_chunk_splits: 1.
num_chunks_enlarged: 0.
num_inconsistent_stats: 0.

CodeHeap 'non-profiled nmethods': size=120000Kb used=0Kb max_used=0Kb free=120000Kb
 bounds [0x0000021c07ad0000, 0x0000021c07d40000, 0x0000021c0f000000]
CodeHeap 'profiled nmethods': size=120000Kb used=0Kb max_used=0Kb free=120000Kb
 bounds [0x0000021c00000000, 0x0000021c00270000, 0x0000021c07530000]
CodeHeap 'non-nmethods': size=5760Kb used=194Kb max_used=342Kb free=5565Kb
 bounds [0x0000021c07530000, 0x0000021c077a0000, 0x0000021c07ad0000]
 total_blobs=70 nmethods=0 adapters=48
 compilation: enabled
              stopped_count=0, restarted_count=0
 full_count=0

Compilation events (0 events):
No events

GC Heap History (0 events):
No events

Dll operation events (1 events):
Event: 0.013 Loaded shared library c:\Users\kalle\.vscode\extensions\redhat.java-1.42.0-win32-x64\jre\21.0.7-win32-x86_64\bin\java.dll

Deoptimization events (0 events):
No events

Classes loaded (0 events):
No events

Classes unloaded (0 events):
No events

Classes redefined (0 events):
No events

Internal exceptions (0 events):
No events

ZGC Phase Switch (0 events):
No events

VM Operations (0 events):
No events

Memory protections (0 events):
No events

Nmethod flushes (0 events):
No events

Events (1 events):
Event: 0.026 Thread 0x0000021c734b62e0 Thread added: 0x0000021c734b62e0


Dynamic libraries:
0x00007ff7249b0000 - 0x00007ff7249be000 	c:\Users\kalle\.vscode\extensions\redhat.java-1.42.0-win32-x64\jre\21.0.7-win32-x86_64\bin\java.exe
0x00007ffdbf970000 - 0x00007ffdbfb68000 	C:\Windows\SYSTEM32\ntdll.dll
0x00007ffdbd9a0000 - 0x00007ffdbda62000 	C:\Windows\System32\KERNEL32.DLL
0x00007ffdbd010000 - 0x00007ffdbd306000 	C:\Windows\System32\KERNELBASE.dll
0x00007ffdbd5b0000 - 0x00007ffdbd6b0000 	C:\Windows\System32\ucrtbase.dll
0x00007ffd99320000 - 0x00007ffd99338000 	c:\Users\kalle\.vscode\extensions\redhat.java-1.42.0-win32-x64\jre\21.0.7-win32-x86_64\bin\jli.dll
0x00007ffd99300000 - 0x00007ffd9931e000 	c:\Users\kalle\.vscode\extensions\redhat.java-1.42.0-win32-x64\jre\21.0.7-win32-x86_64\bin\VCRUNTIME140.dll
0x00007ffdbe450000 - 0x00007ffdbe5ed000 	C:\Windows\System32\USER32.dll
0x00007ffda9a10000 - 0x00007ffda9caa000 	C:\Windows\WinSxS\amd64_microsoft.windows.common-controls_6595b64144ccf1df_6.0.19041.5794_none_60bcd33171f2783c\COMCTL32.dll
0x00007ffdbe6b0000 - 0x00007ffdbe74e000 	C:\Windows\System32\msvcrt.dll
0x00007ffdbd310000 - 0x00007ffdbd332000 	C:\Windows\System32\win32u.dll
0x00007ffdbf620000 - 0x00007ffdbf64b000 	C:\Windows\System32\GDI32.dll
0x00007ffdbd340000 - 0x00007ffdbd45a000 	C:\Windows\System32\gdi32full.dll
0x00007ffdbd4e0000 - 0x00007ffdbd57d000 	C:\Windows\System32\msvcp_win.dll
0x00007ffdbf650000 - 0x00007ffdbf67f000 	C:\Windows\System32\IMM32.DLL
0x00007ffd9dbb0000 - 0x00007ffd9dbbc000 	c:\Users\kalle\.vscode\extensions\redhat.java-1.42.0-win32-x64\jre\21.0.7-win32-x86_64\bin\vcruntime140_1.dll
0x00007ffd8fc00000 - 0x00007ffd8fc8d000 	c:\Users\kalle\.vscode\extensions\redhat.java-1.42.0-win32-x64\jre\21.0.7-win32-x86_64\bin\msvcp140.dll
0x00007ffd35530000 - 0x00007ffd362c0000 	c:\Users\kalle\.vscode\extensions\redhat.java-1.42.0-win32-x64\jre\21.0.7-win32-x86_64\bin\server\jvm.dll
0x00007ffdbf880000 - 0x00007ffdbf92f000 	C:\Windows\System32\ADVAPI32.dll
0x00007ffdbeb20000 - 0x00007ffdbebbf000 	C:\Windows\System32\sechost.dll
0x00007ffdbf680000 - 0x00007ffdbf7a3000 	C:\Windows\System32\RPCRT4.dll
0x00007ffdbd580000 - 0x00007ffdbd5a7000 	C:\Windows\System32\bcrypt.dll
0x00007ffdbf7b0000 - 0x00007ffdbf81b000 	C:\Windows\System32\WS2_32.dll
0x00007ffdbc550000 - 0x00007ffdbc59b000 	C:\Windows\SYSTEM32\POWRPROF.dll
0x00007ffdb1140000 - 0x00007ffdb1167000 	C:\Windows\SYSTEM32\WINMM.dll
0x00007ffdb4ad0000 - 0x00007ffdb4ada000 	C:\Windows\SYSTEM32\VERSION.dll
0x00007ffdbc410000 - 0x00007ffdbc422000 	C:\Windows\SYSTEM32\UMPDC.dll
0x00007ffdbb850000 - 0x00007ffdbb862000 	C:\Windows\SYSTEM32\kernel.appcore.dll
0x00007ffd9d8b0000 - 0x00007ffd9d8ba000 	c:\Users\kalle\.vscode\extensions\redhat.java-1.42.0-win32-x64\jre\21.0.7-win32-x86_64\bin\jimage.dll
0x00007ffdbae60000 - 0x00007ffdbb061000 	C:\Windows\SYSTEM32\DBGHELP.DLL
0x00007ffda6090000 - 0x00007ffda60c4000 	C:\Windows\SYSTEM32\dbgcore.DLL
0x00007ffdbd760000 - 0x00007ffdbd7e2000 	C:\Windows\System32\bcryptPrimitives.dll
0x00007ffd9d7e0000 - 0x00007ffd9d7ef000 	c:\Users\kalle\.vscode\extensions\redhat.java-1.42.0-win32-x64\jre\21.0.7-win32-x86_64\bin\instrument.dll
0x00007ffd8fbe0000 - 0x00007ffd8fbff000 	c:\Users\kalle\.vscode\extensions\redhat.java-1.42.0-win32-x64\jre\21.0.7-win32-x86_64\bin\java.dll

dbghelp: loaded successfully - version: 4.0.5 - missing functions: none
symbol engine: initialized successfully - sym options: 0x614 - pdb path: .;c:\Users\kalle\.vscode\extensions\redhat.java-1.42.0-win32-x64\jre\21.0.7-win32-x86_64\bin;C:\Windows\SYSTEM32;C:\Windows\WinSxS\amd64_microsoft.windows.common-controls_6595b64144ccf1df_6.0.19041.5794_none_60bcd33171f2783c;c:\Users\kalle\.vscode\extensions\redhat.java-1.42.0-win32-x64\jre\21.0.7-win32-x86_64\bin\server

VM Arguments:
jvm_args: --add-modules=ALL-SYSTEM --add-opens=java.base/java.util=ALL-UNNAMED --add-opens=java.base/java.lang=ALL-UNNAMED --add-opens=java.base/sun.nio.fs=ALL-UNNAMED -Declipse.application=org.eclipse.jdt.ls.core.id1 -Dosgi.bundles.defaultStartLevel=4 -Declipse.product=org.eclipse.jdt.ls.core.product -Djava.import.generatesMetadataFilesAtProjectRoot=false -DDetectVMInstallationsJob.disabled=true -Dfile.encoding=utf8 -XX:+UseParallelGC -XX:GCTimeRatio=4 -XX:AdaptiveSizePolicyWeight=90 -Dsun.zip.disableMemoryMapping=true -Xmx1G -Xms100m -Xlog:disable -javaagent:c:\Users\kalle\.vscode\extensions\redhat.java-1.42.0-win32-x64\lombok\lombok-1.18.36.jar -XX:+HeapDumpOnOutOfMemoryError -XX:HeapDumpPath=c:\Users\kalle\AppData\Roaming\Code\User\workspaceStorage\dfdc665dd5fdc4ecb57af54fa34dd261\redhat.java -Daether.dependencyCollector.impl=bf 
java_command: c:\Users\kalle\.vscode\extensions\redhat.java-1.42.0-win32-x64\server\plugins\org.eclipse.equinox.launcher_1.7.0.v20250424-1814.jar -configuration c:\Users\kalle\AppData\Roaming\Code\User\globalStorage\redhat.java\1.42.0\config_win -data c:\Users\kalle\AppData\Roaming\Code\User\workspaceStorage\dfdc665dd5fdc4ecb57af54fa34dd261\redhat.java\jdt_ws --pipe=\\.\pipe\lsp-47531eb4263f243289892749b4cfa7b6-sock
java_class_path (initial): c:\Users\kalle\.vscode\extensions\redhat.java-1.42.0-win32-x64\server\plugins\org.eclipse.equinox.launcher_1.7.0.v20250424-1814.jar
Launcher Type: SUN_STANDARD

[Global flags]
    uintx AdaptiveSizePolicyWeight                 = 90                                        {product} {command line}
     intx CICompilerCount                          = 3                                         {product} {ergonomic}
    uintx GCTimeRatio                              = 4                                         {product} {command line}
     bool HeapDumpOnOutOfMemoryError               = true                                   {manageable} {command line}
    ccstr HeapDumpPath                             = c:\Users\kalle\AppData\Roaming\Code\User\workspaceStorage\dfdc665dd5fdc4ecb57af54fa34dd261\redhat.java         {manageable} {command line}
   size_t InitialHeapSize                          = 104857600                                 {product} {command line}
   size_t MaxHeapSize                              = 1073741824                                {product} {command line}
   size_t MaxNewSize                               = 357564416                                 {product} {ergonomic}
   size_t MinHeapDeltaBytes                        = 524288                                    {product} {ergonomic}
   size_t MinHeapSize                              = 104857600                                 {product} {command line}
   size_t NewSize                                  = 34603008                                  {product} {ergonomic}
    uintx NonNMethodCodeHeapSize                   = 5832780                                {pd product} {ergonomic}
    uintx NonProfiledCodeHeapSize                  = 122912730                              {pd product} {ergonomic}
   size_t OldSize                                  = 70254592                                  {product} {ergonomic}
    uintx ProfiledCodeHeapSize                     = 122912730                              {pd product} {ergonomic}
    uintx ReservedCodeCacheSize                    = 251658240                              {pd product} {ergonomic}
     bool SegmentedCodeCache                       = true                                      {product} {ergonomic}
   size_t SoftMaxHeapSize                          = 1073741824                             {manageable} {ergonomic}
     bool UseCompressedOops                        = true                           {product lp64_product} {ergonomic}
     bool UseLargePagesIndividualAllocation        = false                                  {pd product} {ergonomic}
     bool UseParallelGC                            = true                                      {product} {command line}

Logging:
Log output configuration:
 #0: stdout all=off uptime,level,tags foldmultilines=false
 #1: stderr all=off uptime,level,tags foldmultilines=false

Environment Variables:
PATH=C:\Program Files\Common Files\Oracle\Java\javapath;C:\Program Files (x86)\Common Files\Oracle\Java\java8path;C:\Program Files (x86)\Common Files\Oracle\Java\javapath;C:\Windows\system32;C:\Windows;C:\Windows\System32\Wbem;C:\Windows\System32\WindowsPowerShell\v1.0\;C:\Windows\System32\OpenSSH\;C:\Program Files (x86)\dotnet\;D:\Programas\Git\Git\cmd;D:\Programas\NodeJS\;C:\ProgramData\chocolatey\bin;C:\Program Files (x86)\Gpg4win\..\GnuPG\bin;C:\Users\kalle\AppData\Local\Programs\Python\Launcher\;C:\Program Files\MySQL\MySQL Shell 8.0\bin\;C:\Users\kalle\AppData\Local\Microsoft\WindowsApps;D:\Programas\VSCode\Microsoft VS Code\bin;C:\Users\kalle\AppData\Roaming\npm;C:\Users\kalle\AppData\Local\GitHubDesktop\bin;C:\Program Files\Java\jdk-23\bin;
USERNAME=kalle
OS=Windows_NT
PROCESSOR_IDENTIFIER=Intel64 Family 6 Model 158 Stepping 10, GenuineIntel
TMP=C:\Users\kalle\AppData\Local\Temp
TEMP=C:\Users\kalle\AppData\Local\Temp




Periodic native trim disabled

---------------  S Y S T E M  ---------------

OS:
 Windows 10 , 64 bit Build 19041 (10.0.19041.5794)
OS uptime: 0 days 11:40 hours

CPU: total 6 (initial active 6) (6 cores per cpu, 1 threads per core) family 6 model 158 stepping 10 microcode 0xb4, cx8, cmov, fxsr, mmx, 3dnowpref, sse, sse2, sse3, ssse3, sse4.1, sse4.2, popcnt, lzcnt, tsc, tscinvbit, avx, avx2, aes, erms, clmul, bmi1, bmi2, adx, fma, vzeroupper, clflush, clflushopt, rdtscp, f16c
Processor Information for the first 6 processors :
  Max Mhz: 2904, Current Mhz: 2904, Mhz Limit: 2904

Memory: 4k page, system-wide physical 16321M (867M free)
TotalPageFile size 31447M (AvailPageFile size 10M)
current process WorkingSet (physical memory assigned to process): 24M, peak: 24M
current process commit charge ("private bytes"): 165M, peak: 165M

vm_info: OpenJDK 64-Bit Server VM (21.0.7+6-LTS) for windows-amd64 JRE (21.0.7+6-LTS), built on 2025-04-15T00:00:00Z by "admin" with MS VC++ 17.7 (VS2022)

END.
